<?xml version="1.0" encoding="UTF-8"?>
<!-- Generated by org.testng.reporters.JUnitXMLReporter -->
<testsuite ignored="0" hostname="VNNOT02422" failures="1" tests="2" name="Run on Firefox" time="0.748" errors="0" timestamp="30 Oct 2023 09:54:27 GMT">
  <testcase classname="com.nopcommerce.user.Level_21_Multiple_Environment_Parameter" name="@BeforeClass beforeClass" time="0.0">
    <failure type="org.testng.TestNGException" message="
Parameter &amp;apos;env&amp;apos; is required by BeforeClass on method beforeClass but has not been marked @Optional or defined
in D:\Automation_with_selenium\03-Maven-Hybrid-Framework\environmentRunner\dev.xml">
      <![CDATA[org.testng.TestNGException: 
Parameter 'env' is required by BeforeClass on method beforeClass but has not been marked @Optional or defined
in D:\Automation_with_selenium\03-Maven-Hybrid-Framework\environmentRunner\dev.xml
... Removed 23 stack frames]]>
    </failure>
  </testcase> <!-- @BeforeClass beforeClass -->
  <testcase classname="commons.BaseTest" name="@AfterClass afterClass" time="0.015">
    <failure type="java.lang.NullPointerException" message="Cannot invoke &amp;quot;String.isEmpty()&amp;quot; because &amp;quot;command&amp;quot; is null">
      <![CDATA[java.lang.NullPointerException: Cannot invoke "String.isEmpty()" because "command" is null
at java.base/java.lang.Runtime.exec(Runtime.java:411)
at java.base/java.lang.Runtime.exec(Runtime.java:315)
at commons.BaseTest.closeBrowserDriver(BaseTest.java:268)
at commons.BaseTest.afterClass(BaseTest.java:230)
... Removed 26 stack frames]]>
    </failure>
  </testcase> <!-- @AfterClass afterClass -->
  <testcase classname="com.nopcommerce.user.Level_21_Multiple_Environment_Parameter" name="User_01_Register" time="0.0">
    <skipped/>
  </testcase> <!-- User_01_Register -->
  <testcase classname="com.nopcommerce.user.Level_21_Multiple_Environment_Parameter" name="User_01_Register" time="0.479">
    <failure type="java.lang.NullPointerException" message="Cannot invoke &amp;quot;com.aventstack.extentreports.ExtentTest.log(com.aventstack.extentreports.Status, com.aventstack.extentreports.markuputils.Markup)&amp;quot; because the return value of &amp;quot;reportConfig.ExtentTestManager.getTest()&amp;quot; is null">
      <![CDATA[java.lang.NullPointerException: Cannot invoke "com.aventstack.extentreports.ExtentTest.log(com.aventstack.extentreports.Status, com.aventstack.extentreports.markuputils.Markup)" because the return value of "reportConfig.ExtentTestManager.getTest()" is null
at reportConfig.ExtentTestListener.onTestSkipped(ExtentTestListener.java:52)
... Removed 23 stack frames]]>
    </failure>
  </testcase> <!-- User_01_Register -->
</testsuite> <!-- Run on Firefox -->
